((1000, 999), 'bubblesort1a', 0.19151735305786133)
((1000, 998), 'bubblesort2a', 0.11581993103027344)
((1000, 999), 'bubblesort1a', 0.18235516548156738)
((1000, 950), 'bubblesort2a', 0.12049221992492676)
((1000, 999), 'bubblesort1a', 0.1787092685699463)
((1000, 974), 'bubblesort2a', 0.10988306999206543)
((1000, 999), 'bubblesort1a', 0.1795969009399414)
((1000, 908), 'bubblesort2a', 0.11092257499694824)
((1000, 999), 'bubblesort1a', 0.17725467681884766)
((1000, 947), 'bubblesort2a', 0.11060118675231934)
((1000, 999), 'bubblesort1a', 0.17600131034851074)
((1000, 966), 'bubblesort2a', 0.11077499389648438)
((1000, 999), 'bubblesort1a', 0.17628860473632812)
((1000, 942), 'bubblesort2a', 0.11702418327331543)
((1000, 999), 'bubblesort1a', 0.1845099925994873)
((1000, 983), 'bubblesort2a', 0.11414623260498047)
((1000, 999), 'bubblesort1a', 0.18132543563842773)
((1000, 979), 'bubblesort2a', 0.11573505401611328)
((1000, 999), 'bubblesort1a', 0.18488454818725586)
((1000, 987), 'bubblesort2a', 0.11466526985168457)
